<?xml version="1.0" encoding="UTF-8"?>
<testng-results ignored="0" total="1" passed="1" failed="0" skipped="0">
  <reporter-output>
  </reporter-output>
  <suite started-at="2024-08-18T15:36:52 IST" name="Suite3" finished-at="2024-08-18T15:38:50 IST" duration-ms="117513">
    <groups>
    </groups>
    <test started-at="2024-08-18T15:36:52 IST" name="Testcase1" finished-at="2024-08-18T15:38:50 IST" duration-ms="117513">
      <class name="executionPack.Execution">
        <test-method signature="testOpenBrowser()[pri:0, instance:executionPack.Execution@394a2528]" started-at="2024-08-18T15:36:52 IST" name="testOpenBrowser" finished-at="2024-08-18T15:38:50 IST" duration-ms="117493" status="PASS">
          <reporter-output>
          </reporter-output>
        </test-method> <!-- testOpenBrowser -->
      </class> <!-- executionPack.Execution -->
    </test> <!-- Testcase1 -->
  </suite> <!-- Suite3 -->
</testng-results>
